<?xml version="1.0" encoding="UTF-8"?>
<robot generator="Robot 6.1.1 (Python 3.8.10 on linux)" generated="20231123 09:30:03.388" rpa="false" schemaversion="4">
<suite id="s1" name="Tests" source="/media/meisterphantom/personal/Personales/TestAutomation/tests">
<suite id="s1-s1" name="Test" source="/media/meisterphantom/personal/Personales/TestAutomation/tests/test.robot">
<kw name="Run Keywords" library="BuiltIn" type="SETUP">
<arg>Initialize Test Data</arg>
<arg>Configure Selenium</arg>
<arg>Navigate To Homepage</arg>
<doc>Executes all the given keywords in a sequence.</doc>
<kw name="Initialize Test Data" library="config">
<kw name="Read Config Json" library="config">
<var>${json}</var>
<kw name="Get File" library="OperatingSystem">
<var>${json_data}</var>
<arg>${EXECDIR}/config.json</arg>
<doc>Returns the contents of a specified file.</doc>
<msg timestamp="20231123 09:30:03.517" level="INFO" html="true">Getting file '&lt;a href="file:///media/meisterphantom/personal/Personales/TestAutomation/config.json"&gt;/media/meisterphantom/personal/Personales/TestAutomation/config.json&lt;/a&gt;'.</msg>
<msg timestamp="20231123 09:30:03.517" level="INFO">${json_data} = {
    "browser": "Chrome",
    "implicit_wait": 10,
    "url_remote": "https://practicetestautomation.com/",
    "username": "student",
    "password": "Password123"
}</msg>
<status status="PASS" starttime="20231123 09:30:03.516" endtime="20231123 09:30:03.517"/>
</kw>
<kw name="Evaluate" library="BuiltIn">
<var>${json}</var>
<arg>json.loads('''${json_data}''')</arg>
<arg>json</arg>
<doc>Evaluates the given expression in Python and returns the result.</doc>
<msg timestamp="20231123 09:30:03.517" level="INFO">${json} = {'browser': 'Chrome', 'implicit_wait': 10, 'url_remote': 'https://practicetestautomation.com/', 'username': 'student', 'password': 'Password123'}</msg>
<status status="PASS" starttime="20231123 09:30:03.517" endtime="20231123 09:30:03.518"/>
</kw>
<msg timestamp="20231123 09:30:03.518" level="INFO">${json} = {'browser': 'Chrome', 'implicit_wait': 10, 'url_remote': 'https://practicetestautomation.com/', 'username': 'student', 'password': 'Password123'}</msg>
<status status="PASS" starttime="20231123 09:30:03.516" endtime="20231123 09:30:03.518"/>
</kw>
<kw name="Set Global Variable" library="BuiltIn">
<arg>${data}</arg>
<arg>${json}</arg>
<doc>Makes a variable available globally in all tests and suites.</doc>
<msg timestamp="20231123 09:30:03.518" level="INFO">${data} = {'browser': 'Chrome', 'implicit_wait': 10, 'url_remote': 'https://practicetestautomation.com/', 'username': 'student', 'password': 'Password123'}</msg>
<status status="PASS" starttime="20231123 09:30:03.518" endtime="20231123 09:30:03.518"/>
</kw>
<status status="PASS" starttime="20231123 09:30:03.516" endtime="20231123 09:30:03.518"/>
</kw>
<kw name="Configure Selenium" library="config">
<kw name="Set Selenium Speed" library="SeleniumLibrary">
<arg>.5 Seconds</arg>
<doc>Sets the delay that is waited after each Selenium command.</doc>
<status status="PASS" starttime="20231123 09:30:03.519" endtime="20231123 09:30:03.519"/>
</kw>
<status status="PASS" starttime="20231123 09:30:03.519" endtime="20231123 09:30:03.519"/>
</kw>
<kw name="Navigate To Homepage" library="config">
<kw name="Open Browser" library="SeleniumLibrary">
<arg>${data['url_remote']}</arg>
<arg>${data['browser']}</arg>
<doc>Opens a new browser instance to the optional ``url``.</doc>
<msg timestamp="20231123 09:30:03.520" level="INFO">Opening browser 'Chrome' to base url 'https://practicetestautomation.com/'.</msg>
<msg timestamp="20231123 09:30:03.552" level="WARN">The chromedriver version (114.0.5735.90) detected in PATH at /home/meisterphantom/.local/share/virtualenvs/TestAutomation-ZVcYHYKT/bin/chromedriver might not be compatible with the detected chrome version (115.0.5790.170); currently, chromedriver 115.0.5790.170 is recommended for chrome 115.*, so it is advised to delete the driver in PATH and retry</msg>
<status status="PASS" starttime="20231123 09:30:03.519" endtime="20231123 09:30:07.165"/>
</kw>
<kw name="Maximize Browser Window" library="SeleniumLibrary">
<doc>Maximizes current browser window.</doc>
<status status="PASS" starttime="20231123 09:30:07.165" endtime="20231123 09:30:07.772"/>
</kw>
<status status="PASS" starttime="20231123 09:30:03.519" endtime="20231123 09:30:07.772"/>
</kw>
<status status="PASS" starttime="20231123 09:30:03.516" endtime="20231123 09:30:07.772"/>
</kw>
<test id="s1-s1-t1" name="Login Success" line="16">
<kw name="Given The Page Are Loaded" library="home">
<kw name="Log To Console" library="BuiltIn">
<arg>Start The Test</arg>
<doc>Logs the given message to the console.</doc>
<status status="PASS" starttime="20231123 09:30:07.775" endtime="20231123 09:30:07.776"/>
</kw>
<status status="PASS" starttime="20231123 09:30:07.775" endtime="20231123 09:30:07.776"/>
</kw>
<kw name="And Navigate To Practice" library="home">
<kw name="Click Element" library="SeleniumLibrary">
<arg>${PRACTICE_LINK}</arg>
<doc>Click the element identified by ``locator``.</doc>
<msg timestamp="20231123 09:30:07.778" level="INFO">Clicking element 'xpath=//li[@id="menu-item-20"]/a'.</msg>
<status status="PASS" starttime="20231123 09:30:07.777" endtime="20231123 09:30:09.340"/>
</kw>
<status status="PASS" starttime="20231123 09:30:07.776" endtime="20231123 09:30:09.340"/>
</kw>
<kw name="And Navigate To Login" library="practice">
<kw name="Click Element" library="SeleniumLibrary">
<arg>${TEST_LOGIN_LINK}</arg>
<doc>Click the element identified by ``locator``.</doc>
<msg timestamp="20231123 09:30:09.342" level="INFO">Clicking element 'xpath=//*[@id="loop-container"]/div/article/div[2]/div[1]/div[1]/p/a'.</msg>
<status status="PASS" starttime="20231123 09:30:09.341" endtime="20231123 09:30:11.010"/>
</kw>
<status status="PASS" starttime="20231123 09:30:09.340" endtime="20231123 09:30:11.010"/>
</kw>
<kw name="When Fill Login Form" library="login">
<arg>student</arg>
<arg>Password123</arg>
<kw name="Enter Username" library="login">
<arg>${USERNAME}</arg>
<kw name="Input Text" library="SeleniumLibrary">
<arg>${FIELD_USERNAME}</arg>
<arg>${USERNAME}</arg>
<doc>Types the given ``text`` into the text field identified by ``locator``.</doc>
<msg timestamp="20231123 09:30:11.011" level="INFO">Typing text 'student' into text field 'xpath=//*[@id='username']'.</msg>
<status status="PASS" starttime="20231123 09:30:11.011" endtime="20231123 09:30:12.610"/>
</kw>
<status status="PASS" starttime="20231123 09:30:11.010" endtime="20231123 09:30:12.611"/>
</kw>
<kw name="Enter Password" library="login">
<arg>${PASSWORD}</arg>
<kw name="Input Text" library="SeleniumLibrary">
<arg>${FIELD_PASSWORD}</arg>
<arg>${PASSWORD}</arg>
<doc>Types the given ``text`` into the text field identified by ``locator``.</doc>
<msg timestamp="20231123 09:30:12.612" level="INFO">Typing text 'Password123' into text field 'xpath=//*[@id='password']'.</msg>
<status status="PASS" starttime="20231123 09:30:12.612" endtime="20231123 09:30:14.188"/>
</kw>
<status status="PASS" starttime="20231123 09:30:12.611" endtime="20231123 09:30:14.188"/>
</kw>
<kw name="Submit The Form" library="login">
<kw name="Click Button" library="SeleniumLibrary">
<arg>${BTN_SUBMIT}</arg>
<doc>Clicks the button identified by ``locator``.</doc>
<msg timestamp="20231123 09:30:14.189" level="INFO">Clicking button 'xpath=//*[@id='submit']'.</msg>
<status status="PASS" starttime="20231123 09:30:14.189" endtime="20231123 09:30:18.055"/>
</kw>
<status status="PASS" starttime="20231123 09:30:14.189" endtime="20231123 09:30:18.055"/>
</kw>
<status status="PASS" starttime="20231123 09:30:11.010" endtime="20231123 09:30:18.055"/>
</kw>
<kw name="Then Show The Login Success" library="dashboard">
<arg>Logged In Successfully</arg>
<kw name="Get Text" library="SeleniumLibrary">
<var>${GET_MESSAGE}</var>
<arg>${LABEL_SUCCESS}</arg>
<doc>Returns the text value of the element identified by ``locator``.</doc>
<msg timestamp="20231123 09:30:19.085" level="INFO">${GET_MESSAGE} = Logged In Successfully</msg>
<status status="PASS" starttime="20231123 09:30:18.056" endtime="20231123 09:30:19.085"/>
</kw>
<kw name="Should Be Equal As Strings" library="BuiltIn">
<arg>${GET_MESSAGE}</arg>
<arg>${MESSAGE_SUCCESS_LOGIN}</arg>
<doc>Fails if objects are unequal after converting them to strings.</doc>
<status status="PASS" starttime="20231123 09:30:19.086" endtime="20231123 09:30:19.087"/>
</kw>
<status status="PASS" starttime="20231123 09:30:18.056" endtime="20231123 09:30:19.087"/>
</kw>
<status status="PASS" starttime="20231123 09:30:07.773" endtime="20231123 09:30:19.087"/>
</test>
<kw name="Exit Selenium" library="config" type="TEARDOWN">
<kw name="Capture Page Screenshot" library="SeleniumLibrary">
<doc>Takes a screenshot of the current page and embeds it into a log file.</doc>
<msg timestamp="20231123 09:30:19.734" level="INFO" html="true">&lt;/td&gt;&lt;/tr&gt;&lt;tr&gt;&lt;td colspan="3"&gt;&lt;a href="selenium-screenshot-26.png"&gt;&lt;img src="selenium-screenshot-26.png" width="800px"&gt;&lt;/a&gt;</msg>
<status status="PASS" starttime="20231123 09:30:19.090" endtime="20231123 09:30:19.735"/>
</kw>
<kw name="Close Browser" library="SeleniumLibrary">
<doc>Closes the current browser.</doc>
<status status="PASS" starttime="20231123 09:30:19.735" endtime="20231123 09:30:20.290"/>
</kw>
<status status="PASS" starttime="20231123 09:30:19.089" endtime="20231123 09:30:20.290"/>
</kw>
<status status="PASS" starttime="20231123 09:30:03.404" endtime="20231123 09:30:20.291"/>
</suite>
<status status="PASS" starttime="20231123 09:30:03.389" endtime="20231123 09:30:20.291"/>
</suite>
<statistics>
<total>
<stat pass="1" fail="0" skip="0">All Tests</stat>
</total>
<tag>
</tag>
<suite>
<stat pass="1" fail="0" skip="0" id="s1" name="Tests">Tests</stat>
<stat pass="1" fail="0" skip="0" id="s1-s1" name="Test">Tests.Test</stat>
</suite>
</statistics>
<errors>
<msg timestamp="20231123 09:30:03.552" level="WARN">The chromedriver version (114.0.5735.90) detected in PATH at /home/meisterphantom/.local/share/virtualenvs/TestAutomation-ZVcYHYKT/bin/chromedriver might not be compatible with the detected chrome version (115.0.5790.170); currently, chromedriver 115.0.5790.170 is recommended for chrome 115.*, so it is advised to delete the driver in PATH and retry</msg>
</errors>
</robot>
